0 info it worked if it ends with ok
1 verbose cli [ '/usr/bin/nodejs', '/usr/bin/npm', 'i', 'axf' ]
2 info using npm@3.5.2
3 info using node@v4.2.6
4 silly loadCurrentTree Starting
5 silly install loadCurrentTree
6 silly install readLocalPackageData
7 silly fetchPackageMetaData axf
8 silly fetchNamedPackageData axf
9 silly mapToRegistry name axf
10 silly mapToRegistry using default registry
11 silly mapToRegistry registry https://registry.npmjs.org/
12 silly mapToRegistry uri https://registry.npmjs.org/axf
13 verbose request uri https://registry.npmjs.org/axf
14 verbose request no auth needed
15 info attempt registry request try #1 at 7:17:08 AM
16 verbose request using bearer token for auth
17 verbose request id e0bf256e775ff6d5
18 http request GET https://registry.npmjs.org/axf
19 http 200 https://registry.npmjs.org/axf
20 verbose headers { date: 'Fri, 01 Jun 2018 21:17:09 GMT',
20 verbose headers   'content-type': 'application/json; charset=UTF-8',
20 verbose headers   'transfer-encoding': 'chunked',
20 verbose headers   connection: 'keep-alive',
20 verbose headers   'set-cookie': [ '__cfduid=d766692abb5e1ef77281467278efcb0811527887828; expires=Sat, 01-Jun-19 21:17:08 GMT; path=/; domain=.registry.npmjs.org; HttpOnly' ],
20 verbose headers   'cache-control': 'max-age=300',
20 verbose headers   'cf-cache-status': 'MISS',
20 verbose headers   'cf-ray': '4244b4903e58657b-SYD',
20 verbose headers   etag: 'W/"75ec4cfa64cc1cba0846b28e1197ac12"',
20 verbose headers   'expect-ct': 'max-age=604800, report-uri="https://report-uri.cloudflare.com/cdn-cgi/beacon/expect-ct"',
20 verbose headers   'last-modified': 'Fri, 01 Jun 2018 21:15:24 GMT',
20 verbose headers   vary: 'accept-encoding, accept',
20 verbose headers   server: 'cloudflare',
20 verbose headers   'content-encoding': 'gzip' }
21 silly get cb [ 200,
21 silly get   { date: 'Fri, 01 Jun 2018 21:17:09 GMT',
21 silly get     'content-type': 'application/json; charset=UTF-8',
21 silly get     'transfer-encoding': 'chunked',
21 silly get     connection: 'keep-alive',
21 silly get     'set-cookie': [ '__cfduid=d766692abb5e1ef77281467278efcb0811527887828; expires=Sat, 01-Jun-19 21:17:08 GMT; path=/; domain=.registry.npmjs.org; HttpOnly' ],
21 silly get     'cache-control': 'max-age=300',
21 silly get     'cf-cache-status': 'MISS',
21 silly get     'cf-ray': '4244b4903e58657b-SYD',
21 silly get     etag: 'W/"75ec4cfa64cc1cba0846b28e1197ac12"',
21 silly get     'expect-ct': 'max-age=604800, report-uri="https://report-uri.cloudflare.com/cdn-cgi/beacon/expect-ct"',
21 silly get     'last-modified': 'Fri, 01 Jun 2018 21:15:24 GMT',
21 silly get     vary: 'accept-encoding, accept',
21 silly get     server: 'cloudflare',
21 silly get     'content-encoding': 'gzip' } ]
22 verbose get saving axf to /home/lachlan/.npm/registry.npmjs.org/axf/.cache.json
23 silly install normalizeTree
24 silly loadCurrentTree Finishing
25 silly loadIdealTree Starting
26 silly install loadIdealTree
27 silly cloneCurrentTree Starting
28 silly install cloneCurrentTreeToIdealTree
29 silly cloneCurrentTree Finishing
30 silly loadShrinkwrap Starting
31 silly install loadShrinkwrap
32 silly loadShrinkwrap Finishing
33 silly loadAllDepsIntoIdealTree Starting
34 silly install loadAllDepsIntoIdealTree
35 silly rollbackFailedOptional Starting
36 silly rollbackFailedOptional Finishing
37 silly runTopLevelLifecycles Starting
38 silly runTopLevelLifecycles Finishing
39 silly install printInstalled
40 verbose stack Error: Refusing to install axf as a dependency of itself
40 verbose stack     at checkSelf (/usr/share/npm/lib/install/validate-args.js:40:14)
40 verbose stack     at Array.<anonymous> (/usr/share/npm/node_modules/slide/lib/bind-actor.js:15:8)
40 verbose stack     at LOOP (/usr/share/npm/node_modules/slide/lib/chain.js:15:14)
40 verbose stack     at chain (/usr/share/npm/node_modules/slide/lib/chain.js:20:5)
40 verbose stack     at /usr/share/npm/lib/install/validate-args.js:15:5
40 verbose stack     at /usr/share/npm/node_modules/slide/lib/async-map.js:52:35
40 verbose stack     at Array.forEach (native)
40 verbose stack     at /usr/share/npm/node_modules/slide/lib/async-map.js:52:11
40 verbose stack     at Array.forEach (native)
40 verbose stack     at asyncMap (/usr/share/npm/node_modules/slide/lib/async-map.js:51:8)
41 verbose cwd /home/lachlan/Documents/engines/development/a_cell/release/0.0.0
42 error Linux 4.13.0-43-generic
43 error argv "/usr/bin/nodejs" "/usr/bin/npm" "i" "axf"
44 error node v4.2.6
45 error npm  v3.5.2
46 error code ENOSELF
47 error Refusing to install axf as a dependency of itself
48 error If you need help, you may report this error at:
48 error     <https://github.com/npm/npm/issues>
49 verbose exit [ 1, true ]
